Arguments: 
  /usr/bin/nodejs /usr/share/yarn/bin/yarn.js add jquery --save

PATH: 
  /home/vagrant/.composer/vendor/bin:/home/vagrant/bin:/home/vagrant/.local/bin:/usr/local/sbin:/usr/local/bin:/usr/sbin:/usr/bin:/sbin:/bin:/usr/games:/usr/local/games:/snap/bin

Yarn version: 
  0.24.5

Node version: 
  6.9.1

Platform: 
  linux x64

npm manifest: 
  {
    "private": true,
    "devDependencies": {
      "gulp": "^3.8.8"
    },
    "dependencies": {
      "laravel-elixir": "^4.0.0",
      "bootstrap-sass": "^3.0.0"
    }
  }

yarn manifest: 
  No manifest

Lockfile: 
  No lockfile

Trace: 
  Error: EPROTO: protocol error, symlink '../../../semver/bin/semver' -> '/home/vagrant/Code/sample/node_modules/accord/node_modules/.bin/semver'
      at Error (native)
